# JRE version: OpenJDK Runtime Environment Temurin-17.0.13+11 (17.0.13+11) (build 17.0.13+11)
# Java VM: OpenJDK 64-Bit Server VM Temurin-17.0.13+11 (17.0.13+11, mixed mode, tiered, compressed oops, compressed class ptrs, parallel gc, windows-amd64)
GC Precious Log:
 CPUs: 2 total, 2 available
 Memory: 3915M
 Large Page Support: Disabled
 NUMA Support: Disabled
 Compressed Oops: Enabled (32-bit)
 Alignments: Space 512K, Generation 512K, Heap 2M
 Heap Min Capacity: 100M
 Heap Initial Capacity: 100M
 Heap Max Capacity: 1G
 Pre-touch: Disabled
 Parallel Workers: 2
Heap:
 PSYoungGen      total 15360K, used 3286K [0x00000000eab00000, 0x00000000ebc00000, 0x0000000100000000)
  eden space 14336K, 15% used [0x00000000eab00000,0x00000000ead35a40,0x00000000eb900000)
  from space 1024K, 100% used [0x00000000ebb00000,0x00000000ebc00000,0x00000000ebc00000)
  to   space 1536K, 0% used [0x00000000eb900000,0x00000000eb900000,0x00000000eba80000)
 ParOldGen       total 251904K, used 246629K [0x00000000c0000000, 0x00000000cf600000, 0x00000000eab00000)
  object space 251904K, 97% used [0x00000000c0000000,0x00000000cf0d94f0,0x00000000cf600000)
 Metaspace       used 87962K, committed 89280K, reserved 1179648K
  class space    used 10070K, committed 10688K, reserved 1048576K
GC Heap History (20 events):
Event: 1346.693 GC heap before
{Heap before GC invocations=1263 (full 27):
 PSYoungGen      total 15360K, used 15176K [0x00000000eab00000, 0x00000000ebc00000, 0x0000000100000000)
  eden space 14336K, 100% used [0x00000000eab00000,0x00000000eb900000,0x00000000eb900000)
  from space 1024K, 82% used [0x00000000ebb00000,0x00000000ebbd2360,0x00000000ebc00000)
  to   space 1536K, 0% used [0x00000000eb900000,0x00000000eb900000,0x00000000eba80000)
 ParOldGen       total 251904K, used 242646K [0x00000000c0000000, 0x00000000cf600000, 0x00000000eab00000)
  object space 251904K, 96% used [0x00000000c0000000,0x00000000cecf5810,0x00000000cf600000)
 Metaspace       used 87952K, committed 89216K, reserved 1179648K
  class space    used 10070K, committed 10688K, reserved 1048576K
}
Event: 1346.701 GC heap after
{Heap after GC invocations=1263 (full 27):
 PSYoungGen      total 15872K, used 1524K [0x00000000eab00000, 0x00000000ebe00000, 0x0000000100000000)
  eden space 14336K, 0% used [0x00000000eab00000,0x00000000eab00000,0x00000000eb900000)
  from space 1536K, 99% used [0x00000000eb900000,0x00000000eba7d108,0x00000000eba80000)
  to   space 2560K, 0% used [0x00000000ebb80000,0x00000000ebb80000,0x00000000ebe00000)
 ParOldGen       total 251904K, used 243115K [0x00000000c0000000, 0x00000000cf600000, 0x00000000eab00000)
  object space 251904K, 96% used [0x00000000c0000000,0x00000000ced6acc8,0x00000000cf600000)
 Metaspace       used 87952K, committed 89216K, reserved 1179648K
  class space    used 10070K, committed 10688K, reserved 1048576K
}
Event: 1346.933 GC heap before
{Heap before GC invocations=1264 (full 27):
 PSYoungGen      total 15872K, used 15860K [0x00000000eab00000, 0x00000000ebe00000, 0x0000000100000000)
  eden space 14336K, 100% used [0x00000000eab00000,0x00000000eb900000,0x00000000eb900000)
  from space 1536K, 99% used [0x00000000eb900000,0x00000000eba7d108,0x00000000eba80000)
  to   space 2560K, 0% used [0x00000000ebb80000,0x00000000ebb80000,0x00000000ebe00000)
 ParOldGen       total 251904K, used 243115K [0x00000000c0000000, 0x00000000cf600000, 0x00000000eab00000)
  object space 251904K, 96% used [0x00000000c0000000,0x00000000ced6acc8,0x00000000cf600000)
 Metaspace       used 87961K, committed 89216K, reserved 1179648K
  class space    used 10070K, committed 10688K, reserved 1048576K
}
Event: 1346.944 GC heap after
{Heap after GC invocations=1264 (full 27):
 PSYoungGen      total 16384K, used 1620K [0x00000000eab00000, 0x00000000ebd80000, 0x0000000100000000)
  eden space 14336K, 0% used [0x00000000eab00000,0x00000000eab00000,0x00000000eb900000)
  from space 2048K, 79% used [0x00000000ebb80000,0x00000000ebd15220,0x00000000ebd80000)
  to   space 2048K, 0% used [0x00000000eb980000,0x00000000eb980000,0x00000000ebb80000)
 ParOldGen       total 251904K, used 243235K [0x00000000c0000000, 0x00000000cf600000, 0x00000000eab00000)
  object space 251904K, 96% used [0x00000000c0000000,0x00000000ced88cc8,0x00000000cf600000)
 Metaspace       used 87961K, committed 89216K, reserved 1179648K
  class space    used 10070K, committed 10688K, reserved 1048576K
}
Event: 1347.424 GC heap before
{Heap before GC invocations=1265 (full 27):
 PSYoungGen      total 16384K, used 15956K [0x00000000eab00000, 0x00000000ebd80000, 0x0000000100000000)
  eden space 14336K, 100% used [0x00000000eab00000,0x00000000eb900000,0x00000000eb900000)
  from space 2048K, 79% used [0x00000000ebb80000,0x00000000ebd15220,0x00000000ebd80000)
  to   space 2048K, 0% used [0x00000000eb980000,0x00000000eb980000,0x00000000ebb80000)
 ParOldGen       total 251904K, used 243235K [0x00000000c0000000, 0x00000000cf600000, 0x00000000eab00000)
  object space 251904K, 96% used [0x00000000c0000000,0x00000000ced88cc8,0x00000000cf600000)
 Metaspace       used 87961K, committed 89216K, reserved 1179648K
  class space    used 10070K, committed 10688K, reserved 1048576K
}
Event: 1347.433 GC heap after
{Heap after GC invocations=1265 (full 27):
 PSYoungGen      total 16384K, used 2020K [0x00000000eab00000, 0x00000000ebe00000, 0x0000000100000000)
  eden space 14336K, 0% used [0x00000000eab00000,0x00000000eab00000,0x00000000eb900000)
  from space 2048K, 98% used [0x00000000eb980000,0x00000000ebb79210,0x00000000ebb80000)
  to   space 2560K, 0% used [0x00000000ebb80000,0x00000000ebb80000,0x00000000ebe00000)
 ParOldGen       total 251904K, used 243392K [0x00000000c0000000, 0x00000000cf600000, 0x00000000eab00000)
  object space 251904K, 96% used [0x00000000c0000000,0x00000000cedb0020,0x00000000cf600000)
 Metaspace       used 87961K, committed 89216K, reserved 1179648K
  class space    used 10070K, committed 10688K, reserved 1048576K
}
Event: 1348.481 GC heap before
{Heap before GC invocations=1266 (full 27):
 PSYoungGen      total 16384K, used 16356K [0x00000000eab00000, 0x00000000ebe00000, 0x0000000100000000)
  eden space 14336K, 100% used [0x00000000eab00000,0x00000000eb900000,0x00000000eb900000)
  from space 2048K, 98% used [0x00000000eb980000,0x00000000ebb79210,0x00000000ebb80000)
  to   space 2560K, 0% used [0x00000000ebb80000,0x00000000ebb80000,0x00000000ebe00000)
 ParOldGen       total 251904K, used 243392K [0x00000000c0000000, 0x00000000cf600000, 0x00000000eab00000)
  object space 251904K, 96% used [0x00000000c0000000,0x00000000cedb0020,0x00000000cf600000)
 Metaspace       used 87961K, committed 89216K, reserved 1179648K
  class space    used 10070K, committed 10688K, reserved 1048576K
}
Event: 1348.493 GC heap after
{Heap after GC invocations=1266 (full 27):
 PSYoungGen      total 15872K, used 1056K [0x00000000eab00000, 0x00000000ebd00000, 0x0000000100000000)
  eden space 14336K, 0% used [0x00000000eab00000,0x00000000eab00000,0x00000000eb900000)
  from space 1536K, 68% used [0x00000000ebb80000,0x00000000ebc88000,0x00000000ebd00000)
  to   space 1536K, 0% used [0x00000000eba00000,0x00000000eba00000,0x00000000ebb80000)
 ParOldGen       total 251904K, used 244716K [0x00000000c0000000, 0x00000000cf600000, 0x00000000eab00000)
  object space 251904K, 97% used [0x00000000c0000000,0x00000000ceefb260,0x00000000cf600000)
 Metaspace       used 87961K, committed 89216K, reserved 1179648K
  class space    used 10070K, committed 10688K, reserved 1048576K
}
Event: 1348.931 GC heap before
{Heap before GC invocations=1267 (full 27):
 PSYoungGen      total 15872K, used 15392K [0x00000000eab00000, 0x00000000ebd00000, 0x0000000100000000)
  eden space 14336K, 100% used [0x00000000eab00000,0x00000000eb900000,0x00000000eb900000)
  from space 1536K, 68% used [0x00000000ebb80000,0x00000000ebc88000,0x00000000ebd00000)
  to   space 1536K, 0% used [0x00000000eba00000,0x00000000eba00000,0x00000000ebb80000)
 ParOldGen       total 251904K, used 244716K [0x00000000c0000000, 0x00000000cf600000, 0x00000000eab00000)
  object space 251904K, 97% used [0x00000000c0000000,0x00000000ceefb260,0x00000000cf600000)
 Metaspace       used 87961K, committed 89216K, reserved 1179648K
  class space    used 10070K, committed 10688K, reserved 1048576K
}
Event: 1348.939 GC heap after
{Heap after GC invocations=1267 (full 27):
 PSYoungGen      total 15872K, used 1376K [0x00000000eab00000, 0x00000000ebc00000, 0x0000000100000000)
  eden space 14336K, 0% used [0x00000000eab00000,0x00000000eab00000,0x00000000eb900000)
  from space 1536K, 89% used [0x00000000eba00000,0x00000000ebb58000,0x00000000ebb80000)
  to   space 512K, 0% used [0x00000000ebb80000,0x00000000ebb80000,0x00000000ebc00000)
 ParOldGen       total 251904K, used 244716K [0x00000000c0000000, 0x00000000cf600000, 0x00000000eab00000)
  object space 251904K, 97% used [0x00000000c0000000,0x00000000ceefb260,0x00000000cf600000)
 Metaspace       used 87961K, committed 89216K, reserved 1179648K
  class space    used 10070K, committed 10688K, reserved 1048576K
}
Event: 1349.600 GC heap before
{Heap before GC invocations=1268 (full 27):
 PSYoungGen      total 15872K, used 15712K [0x00000000eab00000, 0x00000000ebc00000, 0x0000000100000000)
  eden space 14336K, 100% used [0x00000000eab00000,0x00000000eb900000,0x00000000eb900000)
  from space 1536K, 89% used [0x00000000eba00000,0x00000000ebb58000,0x00000000ebb80000)
  to   space 512K, 0% used [0x00000000ebb80000,0x00000000ebb80000,0x00000000ebc00000)
 ParOldGen       total 251904K, used 244716K [0x00000000c0000000, 0x00000000cf600000, 0x00000000eab00000)
  object space 251904K, 97% used [0x00000000c0000000,0x00000000ceefb260,0x00000000cf600000)
 Metaspace       used 87962K, committed 89280K, reserved 1179648K
  class space    used 10070K, committed 10688K, reserved 1048576K
}
Event: 1349.655 GC heap after
{Heap after GC invocations=1268 (full 27):
 PSYoungGen      total 14848K, used 512K [0x00000000eab00000, 0x00000000ebd00000, 0x0000000100000000)
  eden space 14336K, 0% used [0x00000000eab00000,0x00000000eab00000,0x00000000eb900000)
  from space 512K, 100% used [0x00000000ebb80000,0x00000000ebc00000,0x00000000ebc00000)
  to   space 2048K, 0% used [0x00000000eb900000,0x00000000eb900000,0x00000000ebb00000)
 ParOldGen       total 251904K, used 245861K [0x00000000c0000000, 0x00000000cf600000, 0x00000000eab00000)
  object space 251904K, 97% used [0x00000000c0000000,0x00000000cf0194f0,0x00000000cf600000)
 Metaspace       used 87962K, committed 89280K, reserved 1179648K
  class space    used 10070K, committed 10688K, reserved 1048576K
}
Event: 1350.220 GC heap before
{Heap before GC invocations=1269 (full 27):
 PSYoungGen      total 14848K, used 14848K [0x00000000eab00000, 0x00000000ebd00000, 0x0000000100000000)
  eden space 14336K, 100% used [0x00000000eab00000,0x00000000eb900000,0x00000000eb900000)
  from space 512K, 100% used [0x00000000ebb80000,0x00000000ebc00000,0x00000000ebc00000)
  to   space 2048K, 0% used [0x00000000eb900000,0x00000000eb900000,0x00000000ebb00000)
 ParOldGen       total 251904K, used 245861K [0x00000000c0000000, 0x00000000cf600000, 0x00000000eab00000)
  object space 251904K, 97% used [0x00000000c0000000,0x00000000cf0194f0,0x00000000cf600000)
 Metaspace       used 87962K, committed 89280K, reserved 1179648K
  class space    used 10070K, committed 10688K, reserved 1048576K
}
Event: 1350.236 GC heap after
{Heap after GC invocations=1269 (full 27):
 PSYoungGen      total 16384K, used 544K [0x00000000eab00000, 0x00000000ebc00000, 0x0000000100000000)
  eden space 14336K, 0% used [0x00000000eab00000,0x00000000eab00000,0x00000000eb900000)
  from space 2048K, 26% used [0x00000000eb900000,0x00000000eb988000,0x00000000ebb00000)
  to   space 1024K, 0% used [0x00000000ebb00000,0x00000000ebb00000,0x00000000ebc00000)
 ParOldGen       total 251904K, used 246205K [0x00000000c0000000, 0x00000000cf600000, 0x00000000eab00000)
  object space 251904K, 97% used [0x00000000c0000000,0x00000000cf06f4f0,0x00000000cf600000)
 Metaspace       used 87962K, committed 89280K, reserved 1179648K
  class space    used 10070K, committed 10688K, reserved 1048576K
}
Event: 1350.477 GC heap before
{Heap before GC invocations=1270 (full 27):
 PSYoungGen      total 16384K, used 14880K [0x00000000eab00000, 0x00000000ebc00000, 0x0000000100000000)
  eden space 14336K, 100% used [0x00000000eab00000,0x00000000eb900000,0x00000000eb900000)
  from space 2048K, 26% used [0x00000000eb900000,0x00000000eb988000,0x00000000ebb00000)
  to   space 1024K, 0% used [0x00000000ebb00000,0x00000000ebb00000,0x00000000ebc00000)
 ParOldGen       total 251904K, used 246205K [0x00000000c0000000, 0x00000000cf600000, 0x00000000eab00000)
  object space 251904K, 97% used [0x00000000c0000000,0x00000000cf06f4f0,0x00000000cf600000)
 Metaspace       used 87962K, committed 89280K, reserved 1179648K
  class space    used 10070K, committed 10688K, reserved 1048576K
}
Event: 1350.481 GC heap after
{Heap after GC invocations=1270 (full 27):
 PSYoungGen      total 15360K, used 832K [0x00000000eab00000, 0x00000000ebc00000, 0x0000000100000000)
  eden space 14336K, 0% used [0x00000000eab00000,0x00000000eab00000,0x00000000eb900000)
  from space 1024K, 81% used [0x00000000ebb00000,0x00000000ebbd0000,0x00000000ebc00000)
  to   space 1024K, 0% used [0x00000000eba00000,0x00000000eba00000,0x00000000ebb00000)
 ParOldGen       total 251904K, used 246205K [0x00000000c0000000, 0x00000000cf600000, 0x00000000eab00000)
  object space 251904K, 97% used [0x00000000c0000000,0x00000000cf06f4f0,0x00000000cf600000)
 Metaspace       used 87962K, committed 89280K, reserved 1179648K
  class space    used 10070K, committed 10688K, reserved 1048576K
}
Event: 1350.725 GC heap before
{Heap before GC invocations=1271 (full 27):
 PSYoungGen      total 15360K, used 15168K [0x00000000eab00000, 0x00000000ebc00000, 0x0000000100000000)
  eden space 14336K, 100% used [0x00000000eab00000,0x00000000eb900000,0x00000000eb900000)
  from space 1024K, 81% used [0x00000000ebb00000,0x00000000ebbd0000,0x00000000ebc00000)
  to   space 1024K, 0% used [0x00000000eba00000,0x00000000eba00000,0x00000000ebb00000)
 ParOldGen       total 251904K, used 246205K [0x00000000c0000000, 0x00000000cf600000, 0x00000000eab00000)
  object space 251904K, 97% used [0x00000000c0000000,0x00000000cf06f4f0,0x00000000cf600000)
 Metaspace       used 87962K, committed 89280K, reserved 1179648K
  class space    used 10070K, committed 10688K, reserved 1048576K
}
Event: 1350.729 GC heap after
{Heap after GC invocations=1271 (full 27):
 PSYoungGen      total 15360K, used 1024K [0x00000000eab00000, 0x00000000ebc00000, 0x0000000100000000)
  eden space 14336K, 0% used [0x00000000eab00000,0x00000000eab00000,0x00000000eb900000)
  from space 1024K, 100% used [0x00000000eba00000,0x00000000ebb00000,0x00000000ebb00000)
  to   space 1024K, 0% used [0x00000000ebb00000,0x00000000ebb00000,0x00000000ebc00000)
 ParOldGen       total 251904K, used 246309K [0x00000000c0000000, 0x00000000cf600000, 0x00000000eab00000)
  object space 251904K, 97% used [0x00000000c0000000,0x00000000cf0894f0,0x00000000cf600000)
 Metaspace       used 87962K, committed 89280K, reserved 1179648K
  class space    used 10070K, committed 10688K, reserved 1048576K
}
Event: 1350.996 GC heap before
{Heap before GC invocations=1272 (full 27):
 PSYoungGen      total 15360K, used 15360K [0x00000000eab00000, 0x00000000ebc00000, 0x0000000100000000)
  eden space 14336K, 100% used [0x00000000eab00000,0x00000000eb900000,0x00000000eb900000)
  from space 1024K, 100% used [0x00000000eba00000,0x00000000ebb00000,0x00000000ebb00000)
  to   space 1024K, 0% used [0x00000000ebb00000,0x00000000ebb00000,0x00000000ebc00000)
 ParOldGen       total 251904K, used 246309K [0x00000000c0000000, 0x00000000cf600000, 0x00000000eab00000)
  object space 251904K, 97% used [0x00000000c0000000,0x00000000cf0894f0,0x00000000cf600000)
 Metaspace       used 87962K, committed 89280K, reserved 1179648K
  class space    used 10070K, committed 10688K, reserved 1048576K
}
Event: 1351.006 GC heap after
{Heap after GC invocations=1272 (full 27):
 PSYoungGen      total 15360K, used 1024K [0x00000000eab00000, 0x00000000ebc00000, 0x0000000100000000)
  eden space 14336K, 0% used [0x00000000eab00000,0x00000000eab00000,0x00000000eb900000)
  from space 1024K, 100% used [0x00000000ebb00000,0x00000000ebc00000,0x00000000ebc00000)
  to   space 1536K, 0% used [0x00000000eb900000,0x00000000eb900000,0x00000000eba80000)
 ParOldGen       total 251904K, used 246629K [0x00000000c0000000, 0x00000000cf600000, 0x00000000eab00000)
  object space 251904K, 97% used [0x00000000c0000000,0x00000000cf0d94f0,0x00000000cf600000)
 Metaspace       used 87962K, committed 89280K, reserved 1179648K
  class space    used 10070K, committed 10688K, reserved 1048576K
}

